<?xml version="1.0" encoding="UTF-8"?>
<!-- Generated by org.testng.reporters.JUnitXMLReporter -->
<testsuite hostname="DESKTOP-G46QBGA" ignored="0" name="Validation of homePage" tests="3" failures="0" timestamp="02 Jul 2020 14:12:55 GMT" time="22.978" errors="0">
  <testcase name="feature" time="8.235" classname="cucumber.api.testng.AbstractTestNGCucumberTests"/>
  <testcase name="feature" time="6.824" classname="cucumber.api.testng.AbstractTestNGCucumberTests"/>
  <testcase name="feature" time="7.637" classname="cucumber.api.testng.AbstractTestNGCucumberTests"/>
</testsuite> <!-- Validation of homePage -->
