<?xml version="1.0" encoding="UTF-8"?>
<testng-results skipped="0" failed="0" ignored="0" total="3" passed="3">
  <reporter-output>
  </reporter-output>
  <suite name="Suite" duration-ms="22978" started-at="2020-07-02T14:12:32Z" finished-at="2020-07-02T14:12:55Z">
    <groups>
      <group name="cucumber">
        <method signature="AbstractTestNGCucumberTests.feature(cucumber.api.testng.CucumberFeatureWrapper)[pri:0, instance:cucumber.Options.Runner@29ba4338]" name="feature" class="cucumber.api.testng.AbstractTestNGCucumberTests"/>
      </group> <!-- cucumber -->
    </groups>
    <test name="Validation of homePage" duration-ms="22978" started-at="2020-07-02T14:12:32Z" finished-at="2020-07-02T14:12:55Z">
      <class name="cucumber.Options.Runner">
        <test-method status="PASS" signature="setUpClass()[pri:0, instance:cucumber.Options.Runner@29ba4338]" name="setUpClass" is-config="true" duration-ms="172" started-at="2020-07-02T14:12:32Z" finished-at="2020-07-02T14:12:32Z">
          <reporter-output>
          </reporter-output>
        </test-method> <!-- setUpClass -->
        <test-method status="PASS" signature="feature(cucumber.api.testng.CucumberFeatureWrapper)[pri:0, instance:cucumber.Options.Runner@29ba4338]" name="feature" duration-ms="8235" started-at="2020-07-02T14:12:33Z" description="Runs Cucumber Feature" data-provider="features" finished-at="2020-07-02T14:12:41Z">
          <params>
            <param index="0">
              <value>
                <![CDATA[Rediff forgot password]]>
              </value>
            </param>
          </params>
          <reporter-output>
          </reporter-output>
        </test-method> <!-- feature -->
        <test-method status="PASS" signature="feature(cucumber.api.testng.CucumberFeatureWrapper)[pri:0, instance:cucumber.Options.Runner@29ba4338]" name="feature" duration-ms="6824" started-at="2020-07-02T14:12:41Z" description="Runs Cucumber Feature" data-provider="features" finished-at="2020-07-02T14:12:48Z">
          <params>
            <param index="0">
              <value>
                <![CDATA[RediffMail home page validation]]>
              </value>
            </param>
          </params>
          <reporter-output>
          </reporter-output>
        </test-method> <!-- feature -->
        <test-method status="PASS" signature="feature(cucumber.api.testng.CucumberFeatureWrapper)[pri:0, instance:cucumber.Options.Runner@29ba4338]" name="feature" duration-ms="7637" started-at="2020-07-02T14:12:48Z" description="Runs Cucumber Feature" data-provider="features" finished-at="2020-07-02T14:12:55Z">
          <params>
            <param index="0">
              <value>
                <![CDATA[Rediff Login Validation]]>
              </value>
            </param>
          </params>
          <reporter-output>
          </reporter-output>
        </test-method> <!-- feature -->
        <test-method status="PASS" signature="tearDownClass()[pri:0, instance:cucumber.Options.Runner@29ba4338]" name="tearDownClass" is-config="true" duration-ms="11" started-at="2020-07-02T14:12:55Z" finished-at="2020-07-02T14:12:55Z">
          <reporter-output>
          </reporter-output>
        </test-method> <!-- tearDownClass -->
      </class> <!-- cucumber.Options.Runner -->
    </test> <!-- Validation of homePage -->
  </suite> <!-- Suite -->
</testng-results>
